<?xml version="1.0" encoding="UTF-8"?>
<!-- Generated by org.testng.reporters.JUnitReportReporter -->
<testsuite hostname="LAPTOP-C2LOUGH8" failures="0" tests="1" name="tests.MercadoLibreTest" time="14.045" errors="0" timestamp="2025-09-24T02:46:08 CST" skipped="0">
  <testcase classname="tests.MercadoLibreTest" name="testSearchPS5" time="14.045"/>
</testsuite> <!-- tests.MercadoLibreTest -->
